# JRE version: OpenJDK Runtime Environment Temurin-17.0.16+8 (17.0.16+8) (build 17.0.16+8)
# Java VM: OpenJDK 64-Bit Server VM Temurin-17.0.16+8 (17.0.16+8, mixed mode, sharing, tiered, compressed oops, compressed class ptrs, g1 gc, windows-amd64)
GC Precious Log:
 CPUs: 4 total, 4 available
 Memory: 3521M
 Large Page Support: Disabled
 NUMA Support: Disabled
 Compressed Oops: Enabled (32-bit)
 Heap Region Size: 1M
 Heap Min Capacity: 256M
 Heap Initial Capacity: 256M
 Heap Max Capacity: 512M
 Pre-touch: Disabled
 Parallel Workers: 4
 Concurrent Workers: 1
 Concurrent Refinement Workers: 4
 Periodic GC: Disabled
Heap:
 garbage-first heap   total 262144K, used 100605K [0x00000000e0000000, 0x0000000100000000)
  region size 1024K, 52 young (53248K), 3 survivors (3072K)
 Metaspace       used 26579K, committed 27008K, reserved 393216K
  class space    used 3933K, committed 4160K, reserved 327680K
GC Heap History (8 events):
Event: 3.815 GC heap before
{Heap before GC invocations=0 (full 0):
 garbage-first heap   total 262144K, used 13312K [0x00000000e0000000, 0x0000000100000000)
  region size 1024K, 13 young (13312K), 0 survivors (0K)
 Metaspace       used 782K, committed 896K, reserved 393216K
  class space    used 61K, committed 128K, reserved 327680K
}
Event: 3.923 GC heap after
{Heap after GC invocations=1 (full 0):
 garbage-first heap   total 262144K, used 1240K [0x00000000e0000000, 0x0000000100000000)
  region size 1024K, 2 young (2048K), 2 survivors (2048K)
 Metaspace       used 782K, committed 896K, reserved 393216K
  class space    used 61K, committed 128K, reserved 327680K
}
Event: 10.381 GC heap before
{Heap before GC invocations=1 (full 0):
 garbage-first heap   total 262144K, used 22744K [0x00000000e0000000, 0x0000000100000000)
  region size 1024K, 21 young (21504K), 2 survivors (2048K)
 Metaspace       used 1898K, committed 2048K, reserved 393216K
  class space    used 181K, committed 256K, reserved 327680K
}
Event: 10.390 GC heap after
{Heap after GC invocations=2 (full 0):
 garbage-first heap   total 262144K, used 9963K [0x00000000e0000000, 0x0000000100000000)
  region size 1024K, 3 young (3072K), 3 survivors (3072K)
 Metaspace       used 1898K, committed 2048K, reserved 393216K
  class space    used 181K, committed 256K, reserved 327680K
}
Event: 32.799 GC heap before
{Heap before GC invocations=2 (full 0):
 garbage-first heap   total 262144K, used 165611K [0x00000000e0000000, 0x0000000100000000)
  region size 1024K, 153 young (156672K), 3 survivors (3072K)
 Metaspace       used 18062K, committed 18368K, reserved 393216K
  class space    used 2580K, committed 2752K, reserved 327680K
}
Event: 32.873 GC heap after
{Heap after GC invocations=3 (full 0):
 garbage-first heap   total 262144K, used 22190K [0x00000000e0000000, 0x0000000100000000)
  region size 1024K, 14 young (14336K), 14 survivors (14336K)
 Metaspace       used 18062K, committed 18368K, reserved 393216K
  class space    used 2580K, committed 2752K, reserved 327680K
}
Event: 39.823 GC heap before
{Heap before GC invocations=3 (full 0):
 garbage-first heap   total 262144K, used 48814K [0x00000000e0000000, 0x0000000100000000)
  region size 1024K, 42 young (43008K), 14 survivors (14336K)
 Metaspace       used 21162K, committed 21504K, reserved 393216K
  class space    used 3075K, committed 3264K, reserved 327680K
}
Event: 39.853 GC heap after
{Heap after GC invocations=4 (full 0):
 garbage-first heap   total 262144K, used 24829K [0x00000000e0000000, 0x0000000100000000)
  region size 1024K, 3 young (3072K), 3 survivors (3072K)
 Metaspace       used 21162K, committed 21504K, reserved 393216K
  class space    used 3075K, committed 3264K, reserved 327680K
}

